2024-05-12 20:35:07,482 - INFO - Initializing the environment
2024-05-12 20:35:13,161 - INFO - Robot loaded successfully
2024-05-12 20:35:13,162 - INFO - Number of joints: 16
2024-05-12 20:35:13,168 - DEBUG - Resetting the environment
2024-05-12 20:35:19,345 - INFO - Robot loaded successfully
2024-05-12 20:41:04,230 - INFO - Initializing the environment
2024-05-12 20:41:10,439 - INFO - Robot loaded successfully with joints initialized
2024-05-12 20:41:10,440 - INFO - Number of joints: 16
2024-05-12 20:41:10,441 - DEBUG - Resetting the environment
2024-05-12 20:41:16,203 - INFO - Robot loaded successfully with joints initialized
2024-05-12 20:41:16,205 - DEBUG - State retrieved: [0. 0. 0. 0. 0. 0. 0. 0. 0. 0. 0. 0. 0. 0. 0. 0. 0. 0. 0. 0. 0. 0. 0. 0.
 0. 0. 0. 0. 0. 0. 0. 0. 0. 0. 0. 1. 0. 0. 0. 0. 0. 0. 0.]
2024-05-12 20:41:16,206 - DEBUG - Resetting the environment
2024-05-12 20:41:22,649 - INFO - Robot loaded successfully with joints initialized
2024-05-12 20:41:22,650 - DEBUG - State retrieved: [0. 0. 0. 0. 0. 0. 0. 0. 0. 0. 0. 0. 0. 0. 0. 0. 0. 0. 0. 0. 0. 0. 0. 0.
 0. 0. 0. 0. 0. 0. 0. 0. 0. 0. 0. 1. 0. 0. 0. 0. 0. 0. 0.]
2024-05-12 20:41:22,653 - DEBUG - Applying action
2024-05-12 20:41:22,653 - DEBUG - Applying actions: [-0.6850025   2.7992933  -0.06662459  0.24214832 -1.991845    1.3213297
  0.6471085   0.71668315  1.6565375   0.80338484 -1.3573852  -1.7821589
 -2.7816882   3.0105436   2.532995    2.6350691 ]
2024-05-12 20:41:22,725 - DEBUG - State retrieved: [-7.65573659e-02  2.80063432e-01 -8.93014406e-03  0.00000000e+00
 -1.99025778e-01  1.31010823e-01  6.76414721e-02  0.00000000e+00
  1.28194573e-01  7.26200932e-02 -1.11097437e-01  0.00000000e+00
 -3.00250564e-01  3.07638320e-01  2.32049623e-01  0.00000000e+00
 -1.83737678e+01  6.72152237e+01 -2.14323457e+00  0.00000000e+00
 -4.77661867e+01  3.14425975e+01  1.62339533e+01  0.00000000e+00
  3.07666974e+01  1.74288224e+01 -2.66633848e+01  0.00000000e+00
 -7.20601353e+01  7.38331968e+01  5.56919095e+01  0.00000000e+00
  3.82140782e-02 -2.35246177e-02  7.45363856e-03  9.98964824e-01
  1.83490895e+01 -1.12957144e+01  3.57898155e+00  1.00000000e+00
  1.00000000e+00  1.00000000e+00  1.00000000e+00]
2024-05-12 20:41:22,725 - DEBUG - Reward computed: -7.047514424686305
2024-05-12 20:41:22,796 - DEBUG - Check if done: True
2024-05-12 20:41:22,796 - INFO - Environment reset due to termination condition
2024-05-12 20:41:22,796 - DEBUG - Resetting the environment
2024-05-12 20:41:28,814 - INFO - Robot loaded successfully with joints initialized
2024-05-12 20:41:28,815 - DEBUG - State retrieved: [0. 0. 0. 0. 0. 0. 0. 0. 0. 0. 0. 0. 0. 0. 0. 0. 0. 0. 0. 0. 0. 0. 0. 0.
 0. 0. 0. 0. 0. 0. 0. 0. 0. 0. 0. 1. 0. 0. 0. 0. 0. 0. 0.]
2024-05-12 20:41:28,815 - DEBUG - Applying action
2024-05-12 20:41:28,816 - DEBUG - Applying actions: [-2.8739552   1.5488001  -1.6172451  -1.1664637   0.05716614  1.8757014
  0.22905669  0.9749468  -0.87255883 -1.384439   -1.2285037   2.8514295
 -2.133424   -0.03990008  1.7319784   1.5367212 ]
2024-05-12 20:41:28,816 - DEBUG - State retrieved: [-2.90551522e-01  1.56775312e-01 -1.60847092e-01  0.00000000e+00
  6.03854859e-03  1.87131304e-01  2.40965930e-02  0.00000000e+00
 -1.13482923e-01 -1.43383432e-01 -1.06867207e-01  0.00000000e+00
 -2.30013404e-01  2.50129057e-05  1.57215378e-01  0.00000000e+00
 -6.97323652e+01  3.76260749e+01 -3.86033020e+01  0.00000000e+00
  1.44925166e+00  4.49115130e+01  5.78318233e+00  0.00000000e+00
 -2.72359014e+01 -3.44120236e+01 -2.56481298e+01  0.00000000e+00
 -5.52032170e+01  6.00309737e-03  3.77316906e+01  0.00000000e+00
  6.45398417e-02  4.60119996e-03  2.44853006e-02  9.97604084e-01
  3.10038889e+01  2.21034152e+00  1.17623396e+01  1.00000000e+00
  1.00000000e+00  1.00000000e+00  1.00000000e+00]
2024-05-12 20:41:28,816 - DEBUG - Reward computed: -7.052867001650497
2024-05-12 20:41:28,816 - DEBUG - Check if done: True
2024-05-12 20:41:28,816 - INFO - Environment reset due to termination condition
2024-05-12 20:41:28,816 - DEBUG - Resetting the environment
2024-05-12 20:41:34,406 - INFO - Robot loaded successfully with joints initialized
2024-05-12 20:41:34,407 - DEBUG - State retrieved: [0. 0. 0. 0. 0. 0. 0. 0. 0. 0. 0. 0. 0. 0. 0. 0. 0. 0. 0. 0. 0. 0. 0. 0.
 0. 0. 0. 0. 0. 0. 0. 0. 0. 0. 0. 1. 0. 0. 0. 0. 0. 0. 0.]
2024-05-12 20:41:34,407 - DEBUG - Applying action
2024-05-12 20:41:34,407 - DEBUG - Applying actions: [-2.4884431  -3.086487    2.7173047  -0.5761559   2.2635672   1.8812714
  0.50572073 -2.5612853   2.3439217  -0.85424477 -0.6006494  -0.06902719
  1.3906047  -1.1395774  -1.7834967   2.7240262 ]
2024-05-12 20:41:34,407 - DEBUG - State retrieved: [-2.50869344e-01 -3.07998902e-01  2.71030167e-01  0.00000000e+00
  2.26493738e-01  1.88255628e-01  5.07703591e-02  0.00000000e+00
  2.29077093e-01 -8.67183184e-02 -5.69526843e-02  0.00000000e+00
  1.35220250e-01 -1.12856772e-01 -1.81754719e-01  0.00000000e+00
 -6.02086426e+01 -7.39197364e+01  6.50472400e+01  0.00000000e+00
  5.43584970e+01  4.51813506e+01  1.21848862e+01  0.00000000e+00
  5.49785023e+01 -2.08123964e+01 -1.36686442e+01  0.00000000e+00
  3.24528600e+01 -2.70856253e+01 -4.36211325e+01  0.00000000e+00
 -3.57318929e-02  1.93211786e-02 -1.25723525e-02  9.99095521e-01
 -1.71564814e+01  9.27696286e+00 -6.03654930e+00  1.00000000e+00
  1.00000000e+00  1.00000000e+00  1.00000000e+00]
2024-05-12 20:41:34,407 - DEBUG - Reward computed: -7.063797092654871
2024-05-12 20:41:34,407 - DEBUG - Check if done: True
2024-05-12 20:41:34,407 - INFO - Environment reset due to termination condition
2024-05-12 20:41:34,407 - DEBUG - Resetting the environment
2024-05-12 20:41:40,102 - INFO - Robot loaded successfully with joints initialized
2024-05-12 20:41:40,103 - DEBUG - State retrieved: [0. 0. 0. 0. 0. 0. 0. 0. 0. 0. 0. 0. 0. 0. 0. 0. 0. 0. 0. 0. 0. 0. 0. 0.
 0. 0. 0. 0. 0. 0. 0. 0. 0. 0. 0. 1. 0. 0. 0. 0. 0. 0. 0.]
2024-05-12 20:41:40,103 - DEBUG - Applying action
2024-05-12 20:41:40,103 - DEBUG - Applying actions: [ 0.08615214 -2.6751566  -0.01247029 -1.1856334  -1.346853   -1.5304394
  0.89536285  1.0927395  -2.0014055   0.3378516   1.4547236  -1.079506
 -1.8322934   2.6909375   0.70642453  1.8510201 ]
2024-05-12 20:41:40,104 - DEBUG - State retrieved: [ 1.10868469e-02 -2.68826727e-01  3.40683311e-04  0.00000000e+00
 -1.34754828e-01 -1.52758637e-01  9.12611836e-02  0.00000000e+00
 -1.89313439e-01  3.55024250e-02  1.38892119e-01  0.00000000e+00
 -1.76829555e-01  2.66820443e-01  7.62206797e-02  0.00000000e+00
  2.66084325e+00 -6.45184144e+01  8.17639947e-02  0.00000000e+00
 -3.23411586e+01 -3.66620729e+01  2.19026841e+01  0.00000000e+00
 -4.54352253e+01  8.52058200e+00  3.33341086e+01  0.00000000e+00
 -4.24390932e+01  6.40369063e+01  1.82929631e+01  0.00000000e+00
  5.91655631e-02 -2.24185844e-02  3.20096070e-02  9.97482946e-01
  2.84233220e+01 -1.07699582e+01  1.53775155e+01  1.00000000e+00
  1.00000000e+00  1.00000000e+00  1.00000000e+00]
2024-05-12 20:41:40,104 - DEBUG - Reward computed: -7.061734527108261
2024-05-12 20:41:40,104 - DEBUG - Check if done: True
2024-05-12 20:41:40,104 - INFO - Environment reset due to termination condition
2024-05-12 20:41:40,104 - DEBUG - Resetting the environment
2024-05-12 20:41:46,269 - INFO - Robot loaded successfully with joints initialized
2024-05-12 20:41:46,270 - DEBUG - State retrieved: [0. 0. 0. 0. 0. 0. 0. 0. 0. 0. 0. 0. 0. 0. 0. 0. 0. 0. 0. 0. 0. 0. 0. 0.
 0. 0. 0. 0. 0. 0. 0. 0. 0. 0. 0. 1. 0. 0. 0. 0. 0. 0. 0.]
2024-05-12 20:41:46,270 - DEBUG - Applying action
2024-05-12 20:41:46,270 - DEBUG - Applying actions: [-1.4136319  -0.02456935 -0.19052243 -0.86990637  1.6823484   0.31853533
  0.66422176 -2.0858033   2.1050894  -3.058421    0.8640495   0.6941521
 -0.700926   -1.3345052   2.3939638   1.6305798 ]
2024-05-12 20:41:46,271 - DEBUG - State retrieved: [-1.44337807e-01 -1.10293974e-03 -1.85832748e-02  0.00000000e+00
  1.68310605e-01  3.13424318e-02  6.74333039e-02  0.00000000e+00
  1.85905953e-01 -3.10802532e-01  1.00729999e-01  0.00000000e+00
 -8.33665064e-02 -1.29824088e-01  2.25824370e-01  0.00000000e+00
 -3.46410738e+01 -2.64705537e-01 -4.45998596e+00  0.00000000e+00
  4.03945452e+01  7.52218362e+00  1.61839929e+01  0.00000000e+00
  4.46174288e+01 -7.45926076e+01  2.41751998e+01  0.00000000e+00
 -2.00079615e+01 -3.11577811e+01  5.41978488e+01  0.00000000e+00
 -9.95646899e-03 -1.07293176e-03  1.43410659e-02  9.99847014e-01
 -4.77934884e+00 -5.15033511e-01  6.88406267e+00  1.00000000e+00
  1.00000000e+00  1.00000000e+00  1.00000000e+00]
2024-05-12 20:41:46,271 - DEBUG - Reward computed: -7.062227284457997
2024-05-12 20:41:46,271 - DEBUG - Check if done: True
2024-05-12 20:41:46,271 - INFO - Environment reset due to termination condition
2024-05-12 20:41:46,271 - DEBUG - Resetting the environment
2024-05-12 20:41:50,841 - ERROR - Failed to load robot: Cannot load URDF file.
